Traceback (most recent call last):
  File "C:\Users\ashkezari\AppData\Roaming\Python\Python311\site-packages\jupyter_cache\executors\utils.py", line 58, in single_nb_execution
    executenb(
  File "C:\Users\ashkezari\AppData\Roaming\Python\Python311\site-packages\nbclient\client.py", line 1319, in execute
    return NotebookClient(nb=nb, resources=resources, km=km, **kwargs).execute()
           ^^^^^^^^^^^^^^^^^^^^^^^^^^^^^^^^^^^^^^^^^^^^^^^^^^^^^^^^^^^^^^^^^^^^^
  File "C:\Users\ashkezari\AppData\Roaming\Python\Python311\site-packages\jupyter_core\utils\__init__.py", line 165, in wrapped
    return loop.run_until_complete(inner)
           ^^^^^^^^^^^^^^^^^^^^^^^^^^^^^^
  File "C:\Program Files\Python311\Lib\asyncio\base_events.py", line 653, in run_until_complete
    return future.result()
           ^^^^^^^^^^^^^^^
  File "C:\Program Files\Python311\Lib\contextlib.py", line 222, in __aexit__
    await self.gen.athrow(typ, value, traceback)
  File "C:\Users\ashkezari\AppData\Roaming\Python\Python311\site-packages\nbclient\client.py", line 654, in async_setup_kernel
    yield
  File "C:\Users\ashkezari\AppData\Roaming\Python\Python311\site-packages\nbclient\client.py", line 709, in async_execute
    await self.async_execute_cell(
  File "C:\Users\ashkezari\AppData\Roaming\Python\Python311\site-packages\nbclient\client.py", line 1062, in async_execute_cell
    await self._check_raise_for_error(cell, cell_index, exec_reply)
  File "C:\Users\ashkezari\AppData\Roaming\Python\Python311\site-packages\nbclient\client.py", line 918, in _check_raise_for_error
    raise CellExecutionError.from_cell_and_msg(cell, exec_reply_content)
nbclient.exceptions.CellExecutionError: An error occurred while executing the following cell:
------------------
import numpy as np
from sklearn.decomposition import PCA
import matplotlib.pyplot as plt

# Generate synthetic data
np.random.seed(42)
X = np.random.randn(100, 3)
plt.scatter(X[:, 0], X[:, 1], c='blue', alpha=0.7)
plt.title("Original Data")
plt.xlabel("feature 1")
plt.ylabel("feature 2")
plt.grid()
plt.show()
# Apply PCA
pca = PCA(n_components=2)
X_pca = pca.fit_transform(X)

# Plot results
plt.scatter(X_pca[:, 0], X_pca[:, 1], c='blue', alpha=0.7)
plt.title("PCA Projection")
plt.xlabel("Principal Component 1")
plt.ylabel("Principal Component 2")
plt.grid()
plt.show()
------------------


[1;31m---------------------------------------------------------------------------[0m
[1;31mModuleNotFoundError[0m                       Traceback (most recent call last)
Cell [1;32mIn[1], line 2[0m
[0;32m      1[0m [38;5;28;01mimport[39;00m[38;5;250m [39m[38;5;21;01mnumpy[39;00m[38;5;250m [39m[38;5;28;01mas[39;00m[38;5;250m [39m[38;5;21;01mnp[39;00m
[1;32m----> 2[0m [38;5;28;01mfrom[39;00m[38;5;250m [39m[38;5;21;01msklearn[39;00m[38;5;21;01m.[39;00m[38;5;21;01mdecomposition[39;00m[38;5;250m [39m[38;5;28;01mimport[39;00m PCA
[0;32m      3[0m [38;5;28;01mimport[39;00m[38;5;250m [39m[38;5;21;01mmatplotlib[39;00m[38;5;21;01m.[39;00m[38;5;21;01mpyplot[39;00m[38;5;250m [39m[38;5;28;01mas[39;00m[38;5;250m [39m[38;5;21;01mplt[39;00m
[0;32m      5[0m [38;5;66;03m# Generate synthetic data[39;00m

[1;31mModuleNotFoundError[0m: No module named 'sklearn'

